Using pre-set license
Built from '2020.3/staging' branch; Version is '2020.3.25f1 (9b9180224418) revision 10195328'; Using compiler version '192528614'; Build Type 'Release'
OS: 'Windows 10  (10.0.19043) 64bit Professional' Language: 'zh' Physical Memory: 16217 MB
BatchMode: 1, IsHumanControllingUs: 0, StartBugReporterOnCrash: 0, Is64bit: 1, IsPro: 0

COMMAND LINE ARGUMENTS:
C:\Program Files\Unity\Hub\Editor\2020.3.25f1\Editor\Unity.exe
-adb2
-batchMode
-noUpm
-name
AssetImportWorker0
-projectPath
C:/1111/unity_renako_20220222/webgame_20220222
-logFile
Logs/AssetImportWorker0.log
-srvPort
1677
Successfully changed project path to: C:/1111/unity_renako_20220222/webgame_20220222
C:/1111/unity_renako_20220222/webgame_20220222
Using Asset Import Pipeline V2.
Refreshing native plugins compatible for Editor in 39.06 ms, found 3 plugins.
Preloading 0 native plugins for Editor in 0.00 ms.
Initialize engine version: 2020.3.25f1 (9b9180224418)
[Subsystems] Discovering subsystems at path C:/Program Files/Unity/Hub/Editor/2020.3.25f1/Editor/Data/Resources/UnitySubsystems
[Subsystems] Discovering subsystems at path C:/1111/unity_renako_20220222/webgame_20220222/Assets
GfxDevice: creating device client; threaded=0
Direct3D:
    Version:  Direct3D 11.0 [level 11.1]
    Renderer: NVIDIA GeForce GTX 1650 SUPER (ID=0x2187)
    Vendor:   
    VRAM:     3955 MB
    Driver:   27.21.14.5671
Initialize mono
Mono path[0] = 'C:/Program Files/Unity/Hub/Editor/2020.3.25f1/Editor/Data/Managed'
Mono path[1] = 'C:/Program Files/Unity/Hub/Editor/2020.3.25f1/Editor/Data/MonoBleedingEdge/lib/mono/unityjit'
Mono config path = 'C:/Program Files/Unity/Hub/Editor/2020.3.25f1/Editor/Data/MonoBleedingEdge/etc'
Using monoOptions --debugger-agent=transport=dt_socket,embedding=1,server=y,suspend=n,address=127.0.0.1:56744
Begin MonoManager ReloadAssembly
Registering precompiled unity dll's ...
Register platform support module: C:/Program Files/Unity/Hub/Editor/2020.3.25f1/Editor/Data/PlaybackEngines/WebGLSupport/UnityEditor.WebGL.Extensions.dll
Register platform support module: C:/Program Files/Unity/Hub/Editor/2020.3.25f1/Editor/Data/PlaybackEngines/WindowsStandaloneSupport/UnityEditor.WindowsStandalone.Extensions.dll
Registered in 0.004043 seconds.
Native extension for WindowsStandalone target not found
Native extension for WebGL target not found
Refreshing native plugins compatible for Editor in 36.03 ms, found 3 plugins.
Preloading 0 native plugins for Editor in 0.00 ms.
Mono: successfully reloaded assembly
- Completed reload, in  0.518 seconds
Domain Reload Profiling:
	ReloadAssembly (518ms)
		BeginReloadAssembly (64ms)
			ExecutionOrderSort (0ms)
			DisableScriptedObjects (0ms)
			BackupInstance (0ms)
			ReleaseScriptingObjects (0ms)
			CreateAndSetChildDomain (1ms)
		EndReloadAssembly (382ms)
			LoadAssemblies (60ms)
			RebuildTransferFunctionScriptingTraits (0ms)
			SetupTypeCache (128ms)
			ReleaseScriptCaches (0ms)
			RebuildScriptCaches (25ms)
			SetupLoadedEditorAssemblies (139ms)
				LogAssemblyErrors (0ms)
				InitializePlatformSupportModulesInManaged (5ms)
				SetLoadedEditorAssemblies (0ms)
				RefreshPlugins (36ms)
				BeforeProcessingInitializeOnLoad (7ms)
				ProcessInitializeOnLoadAttributes (67ms)
				ProcessInitializeOnLoadMethodAttributes (23ms)
				AfterProcessingInitializeOnLoad (0ms)
				EditorAssembliesLoaded (0ms)
			ExecutionOrderSort2 (0ms)
			AwakeInstancesAfterBackupRestoration (0ms)
Platform modules already initialized, skipping
Registering precompiled user dll's ...
Registered in 0.005986 seconds.
Begin MonoManager ReloadAssembly
Native extension for WindowsStandalone target not found
Native extension for WebGL target not found
Refreshing native plugins compatible for Editor in 35.43 ms, found 3 plugins.
Preloading 0 native plugins for Editor in 0.00 ms.
Mono: successfully reloaded assembly
- Completed reload, in  0.982 seconds
Domain Reload Profiling:
	ReloadAssembly (983ms)
		BeginReloadAssembly (138ms)
			ExecutionOrderSort (0ms)
			DisableScriptedObjects (4ms)
			BackupInstance (0ms)
			ReleaseScriptingObjects (0ms)
			CreateAndSetChildDomain (14ms)
		EndReloadAssembly (782ms)
			LoadAssemblies (99ms)
			RebuildTransferFunctionScriptingTraits (0ms)
			SetupTypeCache (257ms)
			ReleaseScriptCaches (0ms)
			RebuildScriptCaches (38ms)
			SetupLoadedEditorAssemblies (295ms)
				LogAssemblyErrors (0ms)
				InitializePlatformSupportModulesInManaged (4ms)
				SetLoadedEditorAssemblies (0ms)
				RefreshPlugins (35ms)
				BeforeProcessingInitializeOnLoad (73ms)
				ProcessInitializeOnLoadAttributes (156ms)
				ProcessInitializeOnLoadMethodAttributes (14ms)
				AfterProcessingInitializeOnLoad (12ms)
				EditorAssembliesLoaded (0ms)
			ExecutionOrderSort2 (0ms)
			AwakeInstancesAfterBackupRestoration (5ms)
Platform modules already initialized, skipping
========================================================================
Worker process is ready to serve import requests
Launched and connected shader compiler UnityShaderCompiler.exe after 0.03 seconds
Refreshing native plugins compatible for Editor in 0.46 ms, found 3 plugins.
Preloading 0 native plugins for Editor in 0.00 ms.
Unloading 2194 Unused Serialized files (Serialized files now loaded: 0)
System memory in use before: 95.8 MB.
System memory in use after: 95.9 MB.

Unloading 28 unused Assets to reduce memory usage. Loaded Objects now: 2627.
Total: 2.654800 ms (FindLiveObjects: 0.136100 ms CreateObjectMapping: 0.062600 ms MarkObjects: 2.404900 ms  DeleteObjects: 0.050400 ms)

AssetImportParameters requested are different than current active one (requested -> active):
  custom:framework-win-MediaFoundation: 216162199b28c13a410421893ffa2e32 -> 
  custom:video-decoder-ogg-theora: a1e56fd34408186e4bbccfd4996cb3dc -> 
  custom:container-muxer-webm: aa71ff27fc2769a1b78a27578f13a17b -> 
  custom:container-demuxer-webm: 4f35f7cbe854078d1ac9338744f61a02 -> 
  custom:container-demuxer-ogg: 62fdf1f143b41e24485cea50d1cbac27 -> 
  custom:video-encoder-webm-vp8: eb34c28f22e8b96e1ab97ce403110664 -> 
  custom:video-decoder-webm-vp8: 9c59270c3fd7afecdb556c50c9e8de78 -> 
  custom:audio-decoder-ogg-vorbis: bf7c407c2cedff20999df2af8eb42d56 -> 
  custom:audio-encoder-webm-vorbis: bf7c407c2cedff20999df2af8eb42d56 -> 
========================================================================
Received Import Request.
  path: Assets/New Folder
  artifactKey: Guid(a692e0f6641b7da4cb2e759e9d165eae) Importer(815301076,1909f56bfc062723c751e8b465ee728b)
Start importing Assets/New Folder using Guid(a692e0f6641b7da4cb2e759e9d165eae) Importer(815301076,1909f56bfc062723c751e8b465ee728b)  -> (artifact id: '9c13d4f230f549634f999fb272269e6c') in 0.003714 seconds 
  Import took 0.006077 seconds .

========================================================================
Received Import Request.
  Time since last request: 28.428935 seconds.
  path: Assets/New Folder/First Asset pack.png
  artifactKey: Guid(bb908d27b4329bb419b4cc20ad205d20) Importer(815301076,1909f56bfc062723c751e8b465ee728b)
Start importing Assets/New Folder/First Asset pack.png using Guid(bb908d27b4329bb419b4cc20ad205d20) Importer(815301076,1909f56bfc062723c751e8b465ee728b)  -> (artifact id: 'd7b55fc22257ab2cebd2745a0c4f76e8') in 0.073920 seconds 
  Import took 0.076655 seconds .

========================================================================
Received Import Request.
  Time since last request: 252.678457 seconds.
  path: Assets/New Folder/First Asset pack.png
  artifactKey: Guid(bb908d27b4329bb419b4cc20ad205d20) Importer(815301076,1909f56bfc062723c751e8b465ee728b)
Start importing Assets/New Folder/First Asset pack.png using Guid(bb908d27b4329bb419b4cc20ad205d20) Importer(815301076,1909f56bfc062723c751e8b465ee728b)  -> (artifact id: '6d794b2c8c860f11554827b5dd447a55') in 0.006762 seconds 
  Import took 0.009569 seconds .

========================================================================
Received Import Request.
  Time since last request: 183.986016 seconds.
  path: Assets/New Folder/First Asset pack.png
  artifactKey: Guid(bb908d27b4329bb419b4cc20ad205d20) Importer(815301076,1909f56bfc062723c751e8b465ee728b)
Start importing Assets/New Folder/First Asset pack.png using Guid(bb908d27b4329bb419b4cc20ad205d20) Importer(815301076,1909f56bfc062723c751e8b465ee728b)  -> (artifact id: '76bce78c20ac3d9cbe8d736fbac72ebf') in 0.684057 seconds 
  Import took 0.688134 seconds .

========================================================================
Received Import Request.
  Time since last request: 1162.924408 seconds.
  path: Assets/Scenes
  artifactKey: Guid(26ecf124d94413147ab608265873c9ff) Importer(815301076,1909f56bfc062723c751e8b465ee728b)
Start importing Assets/Scenes using Guid(26ecf124d94413147ab608265873c9ff) Importer(815301076,1909f56bfc062723c751e8b465ee728b)  -> (artifact id: 'b117bd21f81f5340e0ae2c3b6af6a868') in 0.001590 seconds 
  Import took 0.004620 seconds .

========================================================================
Received Import Request.
  Time since last request: 136.862409 seconds.
  path: Assets/New Folder/First Asset pack.png
  artifactKey: Guid(bb908d27b4329bb419b4cc20ad205d20) Importer(815301076,1909f56bfc062723c751e8b465ee728b)
Start importing Assets/New Folder/First Asset pack.png using Guid(bb908d27b4329bb419b4cc20ad205d20) Importer(815301076,1909f56bfc062723c751e8b465ee728b)  -> (artifact id: '7495455656c9c6fdc7def98762bfe920') in 0.827505 seconds 
  Import took 0.832208 seconds .

AssetImportWorkerClient::OnTransportError - code=2 error=End of file
